<?xml version="1.0" encoding="UTF-8"?>
<testng-results ignored="0" total="1" passed="1" failed="0" skipped="0">
  <reporter-output>
  </reporter-output>
  <suite started-at="2018-03-08T22:57:41Z" name="Suite" finished-at="2018-03-08T22:58:26Z" duration-ms="44634">
    <groups>
    </groups>
    <test started-at="2018-03-08T22:57:41Z" name="Test" finished-at="2018-03-08T22:58:26Z" duration-ms="44634">
      <class name="first.demo">
        <test-method signature="face()[pri:0, instance:first.demo@3c3d9b6b]" started-at="2018-03-08T22:57:41Z" name="face" finished-at="2018-03-08T22:58:26Z" duration-ms="44568" status="PASS">
          <reporter-output>
          </reporter-output>
        </test-method> <!-- face -->
      </class> <!-- first.demo -->
    </test> <!-- Test -->
  </suite> <!-- Suite -->
</testng-results>
